Build started 8/5/2014 1:14:16 AM.
     1>Project "D:\Dokan(Github)\dokanx\DokanXSys Package\DokanXSys Package.vcxproj" on node 2 (Rebuild target(s)).
     1>Inf2Cat:
         C:\Program Files (x86)\Windows Kits\8.1\bin\x86\inf2cat.exe /os:6_3_x86 /driver:"D:\Dokan(Github)\dokanx\Win8.1Debug\DokanXSys Package\\" 
         ........................
         Signability test failed.
         
         Errors:
         22.9.4: Bad file name for catalogfile from [Version] section in \dokanx.inf
         
         Warnings:
         None
     1>Win8.1Debug\inf2catOutput.log : Inf2Cat error -2: "Inf2Cat, signability test failed." Double click to see the tool output.
     1>Done Building Project "D:\Dokan(Github)\dokanx\DokanXSys Package\DokanXSys Package.vcxproj" (Rebuild target(s)) -- FAILED.

Build FAILED.

Time Elapsed 00:00:00.76
